Instagram/Parse-Projeto-1.13.0/ParseStarterProject/build/intermediates/manifest_merge_blame_file/debug/processDebugMainManifest/manifest-merger-blame-debug-report.txt
1<?xml version="1.0" encoding="utf-8"?>
2<manifest xmlns:android="http://schemas.android.com/apk/res/android"
3    package="com.parse.starter"
4    android:versionCode="1"
5    android:versionName="1.0" >
6
7    <uses-sdk
8        android:minSdkVersion="21"
9        android:targetSdkVersion="34" />
10
11    <uses-permission android:name="android.permission.INTERNET" />
11-->src\main\AndroidManifest.xml:5:5-67
11-->src\main\AndroidManifest.xml:5:22-64
12    <uses-permission android:name="android.permission.ACCESS_NETWORK_STATE" />
12-->src\main\AndroidManifest.xml:6:5-79
12-->src\main\AndroidManifest.xml:6:22-76
13
14    <permission
14-->[androidx.core:core:1.13.0] AndroidManifest.xml:22:5-24:47
15        android:name="com.parse.starter.DYNAMIC_RECEIVER_NOT_EXPORTED_PERMISSION"
15-->[androidx.core:core:1.13.0] AndroidManifest.xml:23:9-81
16        android:protectionLevel="signature" />
16-->[androidx.core:core:1.13.0] AndroidManifest.xml:24:9-44
17
18    <uses-permission android:name="com.parse.starter.DYNAMIC_RECEIVER_NOT_EXPORTED_PERMISSION" />
18-->[androidx.core:core:1.13.0] AndroidManifest.xml:26:5-97
18-->[androidx.core:core:1.13.0] AndroidManifest.xml:26:22-94
19
20    <application
20-->src\main\AndroidManifest.xml:8:5-38:19
21        android:name="com.parse.starter.StarterApplication"
21-->src\main\AndroidManifest.xml:9:9-43
22        android:allowBackup="true"
22-->src\main\AndroidManifest.xml:10:9-35
23        android:appComponentFactory="androidx.core.app.CoreComponentFactory"
23-->[androidx.core:core:1.13.0] AndroidManifest.xml:28:18-86
24        android:debuggable="true"
25        android:extractNativeLibs="true"
26        android:icon="@mipmap/ic_launcher"
26-->src\main\AndroidManifest.xml:11:9-43
27        android:label="@string/app_name"
27-->src\main\AndroidManifest.xml:12:9-41
28        android:testOnly="true"
29        android:theme="@style/AppTheme" >
29-->src\main\AndroidManifest.xml:13:9-40
30        <activity
30-->src\main\AndroidManifest.xml:14:9-16:40
31            android:name="com.parse.starter.activity.CadastroActivity"
31-->src\main\AndroidManifest.xml:15:13-54
32            android:exported="false" />
32-->src\main\AndroidManifest.xml:16:13-37
33        <activity
33-->src\main\AndroidManifest.xml:17:9-25:20
34            android:name="com.parse.starter.activity.LoginActivity"
34-->src\main\AndroidManifest.xml:18:13-51
35            android:exported="true" >
35-->src\main\AndroidManifest.xml:19:13-36
36            <intent-filter>
36-->src\main\AndroidManifest.xml:20:13-24:29
37                <action android:name="android.intent.action.MAIN" />
37-->src\main\AndroidManifest.xml:21:17-69
37-->src\main\AndroidManifest.xml:21:25-66
38
39                <category android:name="android.intent.category.LAUNCHER" />
39-->src\main\AndroidManifest.xml:23:17-77
39-->src\main\AndroidManifest.xml:23:27-74
40            </intent-filter>
41        </activity>
42
43        <meta-data
43-->src\main\AndroidManifest.xml:27:9-29:52
44            android:name="com.parse.APPLICATION_ID"
44-->src\main\AndroidManifest.xml:28:13-52
45            android:value="@string/parse_app_id" />
45-->src\main\AndroidManifest.xml:29:13-49
46        <meta-data
46-->src\main\AndroidManifest.xml:30:9-32:56
47            android:name="com.parse.CLIENT_KEY"
47-->src\main\AndroidManifest.xml:31:13-48
48            android:value="@string/parse_client_key" />
48-->src\main\AndroidManifest.xml:32:13-53
49
50        <activity
50-->src\main\AndroidManifest.xml:34:9-37:57
51            android:name="com.parse.starter.activity.MainActivity"
51-->src\main\AndroidManifest.xml:35:13-50
52            android:exported="true"
52-->src\main\AndroidManifest.xml:36:13-36
53            android:label="@string/app_name" />
53-->src\main\AndroidManifest.xml:37:13-45
54
55        <provider
55-->[androidx.emoji2:emoji2:1.3.0] AndroidManifest.xml:24:9-32:20
56            android:name="androidx.startup.InitializationProvider"
56-->[androidx.emoji2:emoji2:1.3.0] AndroidManifest.xml:25:13-67
57            android:authorities="com.parse.starter.androidx-startup"
57-->[androidx.emoji2:emoji2:1.3.0] AndroidManifest.xml:26:13-68
58            android:exported="false" >
58-->[androidx.emoji2:emoji2:1.3.0] AndroidManifest.xml:27:13-37
59            <meta-data
59-->[androidx.emoji2:emoji2:1.3.0] AndroidManifest.xml:29:13-31:52
60                android:name="androidx.emoji2.text.EmojiCompatInitializer"
60-->[androidx.emoji2:emoji2:1.3.0] AndroidManifest.xml:30:17-75
61                android:value="androidx.startup" />
61-->[androidx.emoji2:emoji2:1.3.0] AndroidManifest.xml:31:17-49
62            <meta-data
62-->[androidx.lifecycle:lifecycle-process:2.6.2] AndroidManifest.xml:29:13-31:52
63                android:name="androidx.lifecycle.ProcessLifecycleInitializer"
63-->[androidx.lifecycle:lifecycle-process:2.6.2] AndroidManifest.xml:30:17-78
64                android:value="androidx.startup" />
64-->[androidx.lifecycle:lifecycle-process:2.6.2] AndroidManifest.xml:31:17-49
65            <meta-data
65-->[androidx.profileinstaller:profileinstaller:1.3.1] AndroidManifest.xml:29:13-31:52
66                android:name="androidx.profileinstaller.ProfileInstallerInitializer"
66-->[androidx.profileinstaller:profileinstaller:1.3.1] AndroidManifest.xml:30:17-85
67                android:value="androidx.startup" />
67-->[androidx.profileinstaller:profileinstaller:1.3.1] AndroidManifest.xml:31:17-49
68        </provider>
69
70        <receiver
70-->[androidx.profileinstaller:profileinstaller:1.3.1] AndroidManifest.xml:34:9-52:20
71            android:name="androidx.profileinstaller.ProfileInstallReceiver"
71-->[androidx.profileinstaller:profileinstaller:1.3.1] AndroidManifest.xml:35:13-76
72            android:directBootAware="false"
72-->[androidx.profileinstaller:profileinstaller:1.3.1] AndroidManifest.xml:36:13-44
73            android:enabled="true"
73-->[androidx.profileinstaller:profileinstaller:1.3.1] AndroidManifest.xml:37:13-35
74            android:exported="true"
74-->[androidx.profileinstaller:profileinstaller:1.3.1] AndroidManifest.xml:38:13-36
75            android:permission="android.permission.DUMP" >
75-->[androidx.profileinstaller:profileinstaller:1.3.1] AndroidManifest.xml:39:13-57
76            <intent-filter>
76-->[androidx.profileinstaller:profileinstaller:1.3.1] AndroidManifest.xml:40:13-42:29
77                <action android:name="androidx.profileinstaller.action.INSTALL_PROFILE" />
77-->[androidx.profileinstaller:profileinstaller:1.3.1] AndroidManifest.xml:41:17-91
77-->[androidx.profileinstaller:profileinstaller:1.3.1] AndroidManifest.xml:41:25-88
78            </intent-filter>
79            <intent-filter>
79-->[androidx.profileinstaller:profileinstaller:1.3.1] AndroidManifest.xml:43:13-45:29
80                <action android:name="androidx.profileinstaller.action.SKIP_FILE" />
80-->[androidx.profileinstaller:profileinstaller:1.3.1] AndroidManifest.xml:44:17-85
80-->[androidx.profileinstaller:profileinstaller:1.3.1] AndroidManifest.xml:44:25-82
81            </intent-filter>
82            <intent-filter>
82-->[androidx.profileinstaller:profileinstaller:1.3.1] AndroidManifest.xml:46:13-48:29
83                <action android:name="androidx.profileinstaller.action.SAVE_PROFILE" />
83-->[androidx.profileinstaller:profileinstaller:1.3.1] AndroidManifest.xml:47:17-88
83-->[androidx.profileinstaller:profileinstaller:1.3.1] AndroidManifest.xml:47:25-85
84            </intent-filter>
85            <intent-filter>
85-->[androidx.profileinstaller:profileinstaller:1.3.1] AndroidManifest.xml:49:13-51:29
86                <action android:name="androidx.profileinstaller.action.BENCHMARK_OPERATION" />
86-->[androidx.profileinstaller:profileinstaller:1.3.1] AndroidManifest.xml:50:17-95
86-->[androidx.profileinstaller:profileinstaller:1.3.1] AndroidManifest.xml:50:25-92
87            </intent-filter>
88        </receiver>
89    </application>
90
91</manifest>